---------------------------------------------------------
Datetime:2015-09-18,23:03,Tradedate:2015-09-17
Downloaded symbols:79
---------------------------------------------------------
Datetime:2015-09-18,23:50,Tradedate:2015-09-17
Downloaded symbols:79
---------------------------------------------------------
Datetime:2015-09-19,00:01,Tradedate:2015-09-18
Downloaded symbols:69
Empty value ---- in dataresult.
---------------------------------------------------------
Datetime:2015-09-21,11:18,Tradedate:2015-09-20
Downloaded symbols:75
---------------------------------------------------------
Datetime:2015-09-21,12:16,Tradedate:2015-09-20
Downloaded symbols:75
Current report date equals to last report date.Terminating the script.
---------------------------------------------------------
Datetime:2015-09-21,12:39,Tradedate:2015-09-20
Downloaded symbols:75
---------------------------------------------------------
Datetime:2015-09-21,13:12,Tradedate:09/18/15
Current report date equals to last report date.Terminating the script.
---------------------------------------------------------
Datetime:2015-09-21,13:18,Tradedate:2015-09-18
Downloaded symbols:75
---------------------------------------------------------
Datetime:2015-09-21,14:33,Tradedate:2015-09-18
Downloaded symbols:75
---------------------------------------------------------
Datetime:2015-09-21,14:36,Tradedate:2015-09-18
Downloaded symbols:75
---------------------------------------------------------
Datetime:2015-09-21,14:41,Tradedate:2015-09-18
Downloaded symbols:75
---------------------------------------------------------
Datetime:2015-09-21,16:52,Tradedate:2015-09-18
Downloaded symbols:75
---------------------------------------------------------
Datetime:2015-09-21,16:54,Tradedate:2015-09-18
Downloaded symbols:75
---------------------------------------------------------
Datetime:2015-09-21,17:10,Tradedate:2015-09-18
Downloaded symbols:75
---------------------------------------------------------
Datetime:2015-09-21,17:23,Tradedate:2015-09-18
Downloaded symbols:75
---------------------------------------------------------
Datetime:2015-09-21,17:27,Tradedate:2015-09-18
Downloaded symbols:75
---------------------------------------------------------
Datetime:2015-09-21,17:30,Tradedate:2015-09-18
Current report date equals to last report date.Terminating the script.
---------------------------------------------------------
Datetime:2015-09-21,17:31,Tradedate:2015-09-18
Downloaded symbols:75
---------------------------------------------------------
Datetime:2015-10-27,10:37,Tradedate:2015-10-26
Downloaded symbols:68
---------------------------------------------------------
Datetime:2015-10-27,10:41,Tradedate:2015-10-26
Downloaded symbols:68
---------------------------------------------------------
Datetime:2015-10-27,10:59,Tradedate:2015-10-26
---------------------------------------------------------
Datetime:2015-10-27,11:31,Tradedate:2015-10-26
Downloaded symbols:68
---------------------------------------------------------
Datetime:2015-10-28,23:50,Tradedate:2015-10-28
---------------------------------------------------------
Datetime:2015-10-28,23:54,Tradedate:2015-10-28
---------------------------------------------------------
Datetime:2015-10-29,00:01,Tradedate:2015-10-28
Downloaded symbols:68
-------------------------------------------------------
2017-01-08 18:23:35
-------------------------------------------------------
2017-01-08 18:36:14
-------------------------------------------------------
2017-01-08 18:39:22
-------------------------------------------------------
2017-01-08 18:55:32
Downloaded symbols:  4
